<?xml version="1.0" encoding="UTF-8"?>
<!-- Generated by org.testng.reporters.JUnitReportReporter -->
<testsuite hostname="DESKTOP-7TADIUD" failures="0" tests="1" name="tests.LoginTest" time="15.834" errors="0" timestamp="2023-06-16T14:13:30 IST" skipped="0">
  <testcase classname="tests.LoginTest" name="testLogin" time="15.834"/>
  <system-out/>
</testsuite> <!-- tests.LoginTest -->
