<?xml version="1.0" encoding="UTF-8"?>
<!-- Generated by org.testng.reporters.JUnitReportReporter -->
<testsuite hostname="DESKTOP-7TADIUD" failures="0" tests="5" name="tests.HomePageTest" time="11.993" errors="0" timestamp="2023-06-16T14:13:30 IST" skipped="1">
  <testcase classname="tests.HomePageTest" name="testLogin" time="10.192"/>
  <system-out/>
  <testcase classname="tests.HomePageTest" name="verifyHomePageTitle" time="0.015"/>
  <system-out/>
  <testcase classname="tests.HomePageTest" name="verifyMenuItems" time="0.027"/>
  <system-out/>
  <testcase classname="tests.HomePageTest" name="logoutTest" time="1.759"/>
  <system-out/>
  <testcase classname="tests.HomePageTest" name="skipTestSample">
    <skipped/>
  </testcase> <!-- skipTestSample -->
  <system-out/>
</testsuite> <!-- tests.HomePageTest -->
