<?xml version="1.0" encoding="UTF-8"?>
<!-- Generated by org.testng.reporters.JUnitReportReporter -->
<testsuite hostname="DESKTOP-7TADIUD" failures="0" tests="1" name="tests.LoginTest" time="3.685" errors="0" timestamp="19 May 2023 09:45:48 GMT" skipped="0">
  <testcase classname="tests.LoginTest" name="testLogin" time="3.685"/>
</testsuite> <!-- tests.LoginTest -->
