<?xml version="1.0" encoding="UTF-8"?>
<!-- Generated by org.testng.reporters.JUnitReportReporter -->
<testsuite hostname="DESKTOP-7TADIUD" failures="0" tests="5" name="tests.HomePageTest" time="3.898" errors="0" timestamp="19 May 2023 09:45:48 GMT" skipped="1">
  <testcase classname="tests.HomePageTest" name="testLogin" time="3.372"/>
  <testcase classname="tests.HomePageTest" name="verifyHomePageTitle" time="0.009"/>
  <testcase classname="tests.HomePageTest" name="verifyMenuItems" time="0.023"/>
  <testcase classname="tests.HomePageTest" name="logoutTest" time="0.494"/>
  <testcase classname="tests.HomePageTest" name="skipTestSample">
    <skipped/>
  </testcase> <!-- skipTestSample -->
</testsuite> <!-- tests.HomePageTest -->
